<?xml version="1.0" encoding="UTF-8"?>
<!-- Generated by org.testng.reporters.JUnitReportReporter -->
<testsuite hostname="udimitrijevic" failures="0" tests="1" name="urosdimitrijevicmobile.Apiium.ScrollDemo" time="27.264" errors="0" timestamp="2022-09-20T09:19:31 CEST" skipped="0">
  <testcase classname="urosdimitrijevicmobile.Apiium.ScrollDemo" name="ScrollDemoTest" time="27.264"/>
  <system-out/>
</testsuite> <!-- urosdimitrijevicmobile.Apiium.ScrollDemo -->
