<?xml version="1.0" encoding="UTF-8"?>
<!-- Generated by org.testng.reporters.JUnitReportReporter -->
<testsuite hostname="udimitrijevic" failures="0" tests="1" name="urosdimitrijevicmobile.Apiium.DragDropDemo" time="18.903" errors="0" timestamp="2022-09-20T14:04:57 CEST" skipped="0">
  <testcase classname="urosdimitrijevicmobile.Apiium.DragDropDemo" name="DragDropTest" time="18.903"/>
  <system-out/>
</testsuite> <!-- urosdimitrijevicmobile.Apiium.DragDropDemo -->
