<?xml version="1.0" encoding="UTF-8"?>
<!-- Generated by org.testng.reporters.JUnitReportReporter -->
<testsuite hostname="udimitrijevic" failures="0" tests="1" name="urosdimitrijevicmobile.Apiium.LongPress" time="22.837" errors="0" timestamp="2022-09-20T08:49:58 CEST" skipped="0">
  <testcase classname="urosdimitrijevicmobile.Apiium.LongPress" name="LongPressGesture" time="22.837"/>
  <system-out/>
</testsuite> <!-- urosdimitrijevicmobile.Apiium.LongPress -->
