<?xml version="1.0" encoding="UTF-8"?>
<!-- Generated by org.testng.reporters.JUnitReportReporter -->
<testsuite hostname="udimitrijevic" failures="0" tests="1" name="urosdimitrijevicmobile.Apiium.eCommerce_tc_2" time="54.590" errors="0" timestamp="2022-09-21T14:43:30 CEST" skipped="0">
  <testcase classname="urosdimitrijevicmobile.Apiium.eCommerce_tc_2" name="FillForm" time="54.590"/>
  <system-out/>
</testsuite> <!-- urosdimitrijevicmobile.Apiium.eCommerce_tc_2 -->
