<?xml version="1.0" encoding="UTF-8"?>
<!-- Generated by org.testng.reporters.JUnitReportReporter -->
<testsuite hostname="udimitrijevic" failures="0" tests="1" name="urosdimitrijevicmobile.Apiium.eCommerce_tc_1" time="30.097" errors="0" timestamp="2022-09-21T13:36:41 CEST" skipped="0">
  <testcase classname="urosdimitrijevicmobile.Apiium.eCommerce_tc_1" name="FillForm" time="30.097"/>
  <system-out/>
</testsuite> <!-- urosdimitrijevicmobile.Apiium.eCommerce_tc_1 -->
